[WARNING] 
[WARNING] Some problems were encountered while building the effective settings
[WARNING] Unrecognised tag: 'snapshotRepository' (position: START_TAG seen ...</repository>\n                <snapshotRepository>... @81:37)  @ /Users/B0296099/.m2/settings.xml, line 81, column 37
[WARNING] 
[INFO] Scanning for projects...
[INFO] 
[INFO] ---------------------< com.aerospike:aerospike-ui >---------------------
[INFO] Building Aerospike UI Backend 1.0.0
[INFO]   from pom.xml
[INFO] --------------------------------[ jar ]---------------------------------
[INFO] 
[INFO] >>> spring-boot:3.2.0:run (default-cli) > test-compile @ aerospike-ui >>>
[INFO] 
[INFO] --- resources:3.3.1:resources (default-resources) @ aerospike-ui ---
[INFO] Copying 1 resource from src/main/resources to target/classes
[INFO] Copying 0 resource from src/main/resources to target/classes
[INFO] 
[INFO] --- compiler:3.11.0:compile (default-compile) @ aerospike-ui ---
[INFO] Nothing to compile - all classes are up to date
[INFO] 
[INFO] --- resources:3.3.1:testResources (default-testResources) @ aerospike-ui ---
[INFO] skip non existing resourceDirectory /Users/B0296099/Documents/Learning/aerospike/backend/src/test/resources
[INFO] 
[INFO] --- compiler:3.11.0:testCompile (default-testCompile) @ aerospike-ui ---
[INFO] No sources to compile
[INFO] 
[INFO] <<< spring-boot:3.2.0:run (default-cli) < test-compile @ aerospike-ui <<<
[INFO] 
[INFO] 
[INFO] --- spring-boot:3.2.0:run (default-cli) @ aerospike-ui ---
[INFO] Attaching agents: []

  .   ____          _            __ _ _
 /\\ / ___'_ __ _ _(_)_ __  __ _ \ \ \ \
( ( )\___ | '_ | '_| | '_ \/ _` | \ \ \ \
 \\/  ___)| |_)| | | | | || (_| |  ) ) ) )
  '  |____| .__|_| |_|_| |_\__, | / / / /
 =========|_|==============|___/=/_/_/_/
 :: Spring Boot ::                (v3.2.0)

2026-01-30T10:39:09.456+05:30  INFO 5252 --- [aerospike-ui-backend] [           main] c.aerospike.ui.AerospikeUiApplication    : Starting AerospikeUiApplication using Java 21.0.3 with PID 5252 (/Users/B0296099/Documents/Learning/aerospike/backend/target/classes started by B0296099 in /Users/B0296099/Documents/Learning/aerospike/backend)
2026-01-30T10:39:09.456+05:30 DEBUG 5252 --- [aerospike-ui-backend] [           main] c.aerospike.ui.AerospikeUiApplication    : Running with Spring Boot v3.2.0, Spring v6.1.1
2026-01-30T10:39:09.456+05:30  INFO 5252 --- [aerospike-ui-backend] [           main] c.aerospike.ui.AerospikeUiApplication    : No active profile set, falling back to 1 default profile: "default"
2026-01-30T10:39:09.900+05:30  INFO 5252 --- [aerospike-ui-backend] [           main] o.s.b.w.embedded.tomcat.TomcatWebServer  : Tomcat initialized with port 8080 (http)
2026-01-30T10:39:09.904+05:30  INFO 5252 --- [aerospike-ui-backend] [           main] o.apache.catalina.core.StandardService   : Starting service [Tomcat]
2026-01-30T10:39:09.904+05:30  INFO 5252 --- [aerospike-ui-backend] [           main] o.apache.catalina.core.StandardEngine    : Starting Servlet engine: [Apache Tomcat/10.1.16]
2026-01-30T10:39:09.934+05:30  INFO 5252 --- [aerospike-ui-backend] [           main] o.a.c.c.C.[Tomcat].[localhost].[/]       : Initializing Spring embedded WebApplicationContext
2026-01-30T10:39:09.934+05:30  INFO 5252 --- [aerospike-ui-backend] [           main] w.s.c.ServletWebServerApplicationContext : Root WebApplicationContext: initialization completed in 459 ms
2026-01-30T10:39:10.154+05:30  INFO 5252 --- [aerospike-ui-backend] [           main] o.s.b.a.e.web.EndpointLinksResolver      : Exposing 2 endpoint(s) beneath base path '/actuator'
2026-01-30T10:39:10.190+05:30  INFO 5252 --- [aerospike-ui-backend] [           main] o.s.b.w.embedded.tomcat.TomcatWebServer  : Tomcat started on port 8080 (http) with context path ''
2026-01-30T10:39:10.196+05:30  INFO 5252 --- [aerospike-ui-backend] [           main] c.aerospike.ui.AerospikeUiApplication    : Started AerospikeUiApplication in 0.916 seconds (process running for 1.065)
2026-01-30T10:39:29.213+05:30  INFO 5252 --- [aerospike-ui-backend] [nio-8080-exec-1] o.a.c.c.C.[Tomcat].[localhost].[/]       : Initializing Spring DispatcherServlet 'dispatcherServlet'
2026-01-30T10:39:29.213+05:30  INFO 5252 --- [aerospike-ui-backend] [nio-8080-exec-1] o.s.web.servlet.DispatcherServlet        : Initializing Servlet 'dispatcherServlet'
2026-01-30T10:39:29.214+05:30  INFO 5252 --- [aerospike-ui-backend] [nio-8080-exec-1] o.s.web.servlet.DispatcherServlet        : Completed initialization in 1 ms
